Determining if the pthread_create exist failed with the following output:
Change Dir: /home/phirasit/work/robotics/ros/final_ws/build/gmock/CMakeFiles/CMakeTmp

Run Build Command:"/usr/bin/make" "cmTC_0df1b/fast"
make[3]: Entering directory '/home/phirasit/work/robotics/ros/final_ws/build/gmock/CMakeFiles/CMakeTmp'
/usr/bin/make -f CMakeFiles/cmTC_0df1b.dir/build.make CMakeFiles/cmTC_0df1b.dir/build
make[4]: Entering directory '/home/phirasit/work/robotics/ros/final_ws/build/gmock/CMakeFiles/CMakeTmp'
Building C object CMakeFiles/cmTC_0df1b.dir/CheckSymbolExists.c.o
/usr/bin/cc    -o CMakeFiles/cmTC_0df1b.dir/CheckSymbolExists.c.o   -c /home/phirasit/work/robotics/ros/final_ws/build/gmock/CMakeFiles/CMakeTmp/CheckSymbolExists.c
Linking C executable cmTC_0df1b
/usr/bin/cmake -E cmake_link_script CMakeFiles/cmTC_0df1b.dir/link.txt --verbose=1
/usr/bin/cc      -rdynamic CMakeFiles/cmTC_0df1b.dir/CheckSymbolExists.c.o  -o cmTC_0df1b 
CMakeFiles/cmTC_0df1b.dir/CheckSymbolExists.c.o: In function `main':
CheckSymbolExists.c:(.text+0x1b): undefined reference to `pthread_create'
collect2: error: ld returned 1 exit status
CMakeFiles/cmTC_0df1b.dir/build.make:97: recipe for target 'cmTC_0df1b' failed
make[4]: *** [cmTC_0df1b] Error 1
make[4]: Leaving directory '/home/phirasit/work/robotics/ros/final_ws/build/gmock/CMakeFiles/CMakeTmp'
Makefile:126: recipe for target 'cmTC_0df1b/fast' failed
make[3]: *** [cmTC_0df1b/fast] Error 2
make[3]: Leaving directory '/home/phirasit/work/robotics/ros/final_ws/build/gmock/CMakeFiles/CMakeTmp'

File /home/phirasit/work/robotics/ros/final_ws/build/gmock/CMakeFiles/CMakeTmp/CheckSymbolExists.c:
/* */
#include <pthread.h>

int main(int argc, char** argv)
{
  (void)argv;
#ifndef pthread_create
  return ((int*)(&pthread_create))[argc];
#else
  (void)argc;
  return 0;
#endif
}

Determining if the function pthread_create exists in the pthreads failed with the following output:
Change Dir: /home/phirasit/work/robotics/ros/final_ws/build/gmock/CMakeFiles/CMakeTmp

Run Build Command:"/usr/bin/make" "cmTC_12346/fast"
make[3]: Entering directory '/home/phirasit/work/robotics/ros/final_ws/build/gmock/CMakeFiles/CMakeTmp'
/usr/bin/make -f CMakeFiles/cmTC_12346.dir/build.make CMakeFiles/cmTC_12346.dir/build
make[4]: Entering directory '/home/phirasit/work/robotics/ros/final_ws/build/gmock/CMakeFiles/CMakeTmp'
Building C object CMakeFiles/cmTC_12346.dir/CheckFunctionExists.c.o
/usr/bin/cc   -DCHECK_FUNCTION_EXISTS=pthread_create   -o CMakeFiles/cmTC_12346.dir/CheckFunctionExists.c.o   -c /usr/share/cmake-3.10/Modules/CheckFunctionExists.c
Linking C executable cmTC_12346
/usr/bin/cmake -E cmake_link_script CMakeFiles/cmTC_12346.dir/link.txt --verbose=1
/usr/bin/cc  -DCHECK_FUNCTION_EXISTS=pthread_create    -rdynamic CMakeFiles/cmTC_12346.dir/CheckFunctionExists.c.o  -o cmTC_12346 -lpthreads 
/usr/bin/ld: cannot find -lpthreads
collect2: error: ld returned 1 exit status
CMakeFiles/cmTC_12346.dir/build.make:97: recipe for target 'cmTC_12346' failed
make[4]: *** [cmTC_12346] Error 1
make[4]: Leaving directory '/home/phirasit/work/robotics/ros/final_ws/build/gmock/CMakeFiles/CMakeTmp'
Makefile:126: recipe for target 'cmTC_12346/fast' failed
make[3]: *** [cmTC_12346/fast] Error 2
make[3]: Leaving directory '/home/phirasit/work/robotics/ros/final_ws/build/gmock/CMakeFiles/CMakeTmp'


